[INFO] Scanning for projects...
[WARNING] 
[WARNING] Some problems were encountered while building the effective model for com.zjpl.zjpl_edw_demo:zjpl_edw_demo:jar:1.0-SNAPSHOT
[WARNING] 'build.plugins.plugin.version' for org.apache.maven.plugins:maven-compiler-plugin is missing. @ line 483, column 15
[WARNING] 'build.plugins.plugin.version' for org.scala-tools:maven-scala-plugin is missing. @ line 448, column 15
[WARNING] 'build.plugins.plugin.version' for org.apache.maven.plugins:maven-eclipse-plugin is missing. @ line 466, column 15
[WARNING] 
[WARNING] It is highly recommended to fix these problems because they threaten the stability of your build.
[WARNING] 
[WARNING] For this reason, future Maven versions might no longer support building such malformed projects.
[WARNING] 
[INFO] 
[INFO] ----------------< com.zjpl.zjpl_edw_demo:zjpl_edw_demo >----------------
[INFO] Building zjpl_edw_demo 1.0-SNAPSHOT
[INFO] --------------------------------[ jar ]---------------------------------
[INFO] 
[INFO] --- maven-dependency-plugin:2.8:tree (default-cli) @ zjpl_edw_demo ---
[INFO] com.zjpl.zjpl_edw_demo:zjpl_edw_demo:jar:1.0-SNAPSHOT
[INFO] +- org.scala-lang:scala-library:jar:2.11.8:compile
[INFO] +- org.apache.hadoop:hadoop-client:jar:2.6.0-cdh5.14.2:compile
[INFO] |  +- org.apache.hadoop:hadoop-common:jar:2.6.0-cdh5.14.2:compile
[INFO] |  |  +- commons-cli:commons-cli:jar:1.2:compile
[INFO] |  |  +- org.apache.commons:commons-math3:jar:3.1.1:compile
[INFO] |  |  +- xmlenc:xmlenc:jar:0.52:compile
[INFO] |  |  +- commons-httpclient:commons-httpclient:jar:3.1:compile
[INFO] |  |  +- commons-io:commons-io:jar:2.4:compile
[INFO] |  |  +- commons-net:commons-net:jar:3.1:compile
[INFO] |  |  +- log4j:log4j:jar:1.2.17:compile
[INFO] |  |  +- commons-configuration:commons-configuration:jar:1.6:compile
[INFO] |  |  |  +- commons-digester:commons-digester:jar:1.8:compile
[INFO] |  |  |  |  \- commons-beanutils:commons-beanutils:jar:1.7.0:compile
[INFO] |  |  |  \- commons-beanutils:commons-beanutils-core:jar:1.8.0:compile
[INFO] |  |  +- org.slf4j:slf4j-log4j12:jar:1.7.5:compile
[INFO] |  |  +- com.google.protobuf:protobuf-java:jar:2.5.0:compile
[INFO] |  |  +- com.google.code.gson:gson:jar:2.2.4:compile
[INFO] |  |  +- org.apache.hadoop:hadoop-auth:jar:2.6.0-cdh5.14.2:compile
[INFO] |  |  |  +- org.apache.directory.server:apacheds-kerberos-codec:jar:2.0.0-M15:compile
[INFO] |  |  |  |  +- org.apache.directory.server:apacheds-i18n:jar:2.0.0-M15:compile
[INFO] |  |  |  |  +- org.apache.directory.api:api-asn1-api:jar:1.0.0-M20:compile
[INFO] |  |  |  |  \- org.apache.directory.api:api-util:jar:1.0.0-M20:compile
[INFO] |  |  |  \- org.apache.curator:curator-framework:jar:2.7.1:compile
[INFO] |  |  +- org.apache.curator:curator-client:jar:2.7.1:compile
[INFO] |  |  +- org.apache.curator:curator-recipes:jar:2.7.1:compile
[INFO] |  |  +- org.apache.htrace:htrace-core4:jar:4.0.1-incubating:compile
[INFO] |  |  \- org.apache.commons:commons-compress:jar:1.4.1:compile
[INFO] |  |     \- org.tukaani:xz:jar:1.0:compile
[INFO] |  +- org.apache.hadoop:hadoop-hdfs:jar:2.6.0-cdh5.14.2:compile
[INFO] |  |  +- org.mortbay.jetty:jetty-util:jar:6.1.26.cloudera.4:compile
[INFO] |  |  +- io.netty:netty:jar:3.10.5.Final:compile
[INFO] |  |  +- io.netty:netty-all:jar:4.0.23.Final:compile
[INFO] |  |  +- xerces:xercesImpl:jar:2.9.1:compile
[INFO] |  |  |  \- xml-apis:xml-apis:jar:1.3.04:compile
[INFO] |  |  \- org.fusesource.leveldbjni:leveldbjni-all:jar:1.8:compile
[INFO] |  +- org.apache.hadoop:hadoop-mapreduce-client-app:jar:2.6.0-cdh5.14.2:compile
[INFO] |  |  +- org.apache.hadoop:hadoop-mapreduce-client-common:jar:2.6.0-cdh5.14.2:compile
[INFO] |  |  |  +- org.apache.hadoop:hadoop-yarn-client:jar:2.6.0-cdh5.14.2:compile
[INFO] |  |  |  \- org.apache.hadoop:hadoop-yarn-server-common:jar:2.6.0-cdh5.14.2:compile
[INFO] |  |  \- org.apache.hadoop:hadoop-mapreduce-client-shuffle:jar:2.6.0-cdh5.14.2:compile
[INFO] |  +- org.apache.hadoop:hadoop-yarn-api:jar:2.6.0-cdh5.14.2:compile
[INFO] |  +- org.apache.hadoop:hadoop-mapreduce-client-core:jar:2.6.0-cdh5.14.2:compile
[INFO] |  |  \- org.apache.hadoop:hadoop-yarn-common:jar:2.6.0-cdh5.14.2:compile
[INFO] |  |     +- javax.xml.bind:jaxb-api:jar:2.2.2:compile
[INFO] |  |     |  +- javax.xml.stream:stax-api:jar:1.0-2:compile
[INFO] |  |     |  \- javax.activation:activation:jar:1.1:compile
[INFO] |  |     +- javax.servlet:servlet-api:jar:2.5:compile
[INFO] |  |     +- com.sun.jersey:jersey-core:jar:1.9:compile
[INFO] |  |     +- com.sun.jersey:jersey-client:jar:1.9:compile
[INFO] |  |     +- org.codehaus.jackson:jackson-jaxrs:jar:1.8.8:compile
[INFO] |  |     \- org.codehaus.jackson:jackson-xc:jar:1.8.8:compile
[INFO] |  +- org.apache.hadoop:hadoop-mapreduce-client-jobclient:jar:2.6.0-cdh5.14.2:compile
[INFO] |  +- org.apache.hadoop:hadoop-aws:jar:2.6.0-cdh5.14.2:compile
[INFO] |  |  +- com.amazonaws:aws-java-sdk-bundle:jar:1.11.134:compile
[INFO] |  |  +- com.fasterxml.jackson.core:jackson-core:jar:2.2.3:compile
[INFO] |  |  \- com.fasterxml.jackson.core:jackson-annotations:jar:2.2.3:compile
[INFO] |  \- org.apache.hadoop:hadoop-annotations:jar:2.6.0-cdh5.14.2:compile
[INFO] +- org.apache.spark:spark-streaming_2.11:jar:2.3.0.cloudera4:compile
[INFO] |  +- org.apache.spark:spark-core_2.11:jar:2.3.0.cloudera4:compile
[INFO] |  |  +- org.apache.avro:avro-mapred:jar:hadoop2:1.7.6-cdh5.13.3:compile
[INFO] |  |  |  \- org.apache.avro:avro-ipc:jar:tests:1.7.6-cdh5.13.3:compile
[INFO] |  |  +- com.twitter:chill_2.11:jar:0.8.0:compile
[INFO] |  |  +- com.twitter:chill-java:jar:0.8.0:compile
[INFO] |  |  +- org.apache.spark:spark-launcher_2.11:jar:2.3.0.cloudera4:compile
[INFO] |  |  +- org.apache.spark:spark-kvstore_2.11:jar:2.3.0.cloudera4:compile
[INFO] |  |  +- org.apache.spark:spark-network-common_2.11:jar:2.3.0.cloudera4:compile
[INFO] |  |  +- org.apache.spark:spark-network-shuffle_2.11:jar:2.3.0.cloudera4:compile
[INFO] |  |  +- org.apache.spark:spark-unsafe_2.11:jar:2.3.0.cloudera4:compile
[INFO] |  |  +- net.java.dev.jets3t:jets3t:jar:0.9.0:compile
[INFO] |  |  |  \- com.jamesmurty.utils:java-xmlbuilder:jar:0.4:compile
[INFO] |  |  +- javax.servlet:javax.servlet-api:jar:3.1.0:compile
[INFO] |  |  +- org.apache.commons:commons-lang3:jar:3.5:compile
[INFO] |  |  +- com.google.code.findbugs:jsr305:jar:1.3.9:compile
[INFO] |  |  +- org.slf4j:jul-to-slf4j:jar:1.7.5:compile
[INFO] |  |  +- org.slf4j:jcl-over-slf4j:jar:1.7.5:compile
[INFO] |  |  +- com.ning:compress-lzf:jar:1.0.3:compile
[INFO] |  |  +- org.xerial.snappy:snappy-java:jar:1.1.4:compile
[INFO] |  |  +- org.lz4:lz4-java:jar:1.4.0:compile
[INFO] |  |  +- com.github.luben:zstd-jni:jar:1.3.2-2:compile
[INFO] |  |  +- org.roaringbitmap:RoaringBitmap:jar:0.5.11:compile
[INFO] |  |  +- org.json4s:json4s-jackson_2.11:jar:3.2.11:compile
[INFO] |  |  |  \- org.json4s:json4s-core_2.11:jar:3.2.11:compile
[INFO] |  |  |     +- org.json4s:json4s-ast_2.11:jar:3.2.11:compile
[INFO] |  |  |     \- org.scala-lang:scalap:jar:2.11.0:compile
[INFO] |  |  |        \- org.scala-lang:scala-compiler:jar:2.11.0:compile
[INFO] |  |  |           \- org.scala-lang.modules:scala-xml_2.11:jar:1.0.1:compile
[INFO] |  |  +- org.glassfish.jersey.core:jersey-client:jar:2.22.2:compile
[INFO] |  |  |  +- javax.ws.rs:javax.ws.rs-api:jar:2.0.1:compile
[INFO] |  |  |  +- org.glassfish.hk2:hk2-api:jar:2.4.0-b34:compile
[INFO] |  |  |  |  +- org.glassfish.hk2:hk2-utils:jar:2.4.0-b34:compile
[INFO] |  |  |  |  \- org.glassfish.hk2.external:aopalliance-repackaged:jar:2.4.0-b34:compile
[INFO] |  |  |  +- org.glassfish.hk2.external:javax.inject:jar:2.4.0-b34:compile
[INFO] |  |  |  \- org.glassfish.hk2:hk2-locator:jar:2.4.0-b34:compile
[INFO] |  |  |     \- org.javassist:javassist:jar:3.18.1-GA:compile
[INFO] |  |  +- org.glassfish.jersey.core:jersey-common:jar:2.22.2:compile
[INFO] |  |  |  +- javax.annotation:javax.annotation-api:jar:1.2:compile
[INFO] |  |  |  +- org.glassfish.jersey.bundles.repackaged:jersey-guava:jar:2.22.2:compile
[INFO] |  |  |  \- org.glassfish.hk2:osgi-resource-locator:jar:1.0.1:compile
[INFO] |  |  +- org.glassfish.jersey.core:jersey-server:jar:2.22.2:compile
[INFO] |  |  |  +- org.glassfish.jersey.media:jersey-media-jaxb:jar:2.22.2:compile
[INFO] |  |  |  \- javax.validation:validation-api:jar:1.1.0.Final:compile
[INFO] |  |  +- org.glassfish.jersey.containers:jersey-container-servlet:jar:2.22.2:compile
[INFO] |  |  +- org.glassfish.jersey.containers:jersey-container-servlet-core:jar:2.22.2:compile
[INFO] |  |  +- com.clearspring.analytics:stream:jar:2.7.0:compile
[INFO] |  |  +- io.dropwizard.metrics:metrics-core:jar:3.1.5:compile
[INFO] |  |  +- io.dropwizard.metrics:metrics-jvm:jar:3.1.5:compile
[INFO] |  |  +- io.dropwizard.metrics:metrics-json:jar:3.1.5:compile
[INFO] |  |  +- io.dropwizard.metrics:metrics-graphite:jar:3.1.5:compile
[INFO] |  |  +- com.fasterxml.jackson.module:jackson-module-scala_2.11:jar:2.6.7.1:compile
[INFO] |  |  |  \- com.fasterxml.jackson.module:jackson-module-paranamer:jar:2.7.9:compile
[INFO] |  |  +- org.apache.ivy:ivy:jar:2.4.0:compile
[INFO] |  |  +- oro:oro:jar:2.0.8:compile
[INFO] |  |  +- net.razorvine:pyrolite:jar:4.13:compile
[INFO] |  |  +- net.sf.py4j:py4j:jar:0.10.7:compile
[INFO] |  |  \- org.apache.commons:commons-crypto:jar:1.0.0:compile
[INFO] |  +- org.apache.spark:spark-tags_2.11:jar:2.3.0.cloudera4:compile
[INFO] |  \- org.spark-project.spark:unused:jar:1.0.0:compile
[INFO] +- org.apache.spark:spark-streaming-flume_2.11:jar:2.3.0.cloudera4:compile
[INFO] |  +- org.apache.spark:spark-streaming-flume-sink_2.11:jar:2.3.0.cloudera4:compile
[INFO] |  +- org.apache.flume:flume-ng-core:jar:1.6.0-cdh5.13.3:compile
[INFO] |  |  +- org.apache.flume:flume-ng-configuration:jar:1.6.0-cdh5.13.3:compile
[INFO] |  |  +- org.apache.avro:avro-ipc:jar:1.7.6-cdh5.13.3:compile
[INFO] |  |  |  +- org.apache.velocity:velocity:jar:1.7:compile
[INFO] |  |  |  \- commons-collections:commons-collections:jar:3.2.2:compile
[INFO] |  |  \- org.apache.mina:mina-core:jar:2.0.4:compile
[INFO] |  \- org.apache.flume:flume-ng-sdk:jar:1.6.0-cdh5.13.3:compile
[INFO] +- org.apache.spark:spark-sql_2.11:jar:2.3.0.cloudera4:compile
[INFO] |  +- com.univocity:univocity-parsers:jar:2.5.9:compile
[INFO] |  +- org.apache.spark:spark-sketch_2.11:jar:2.3.0.cloudera4:compile
[INFO] |  +- org.apache.spark:spark-catalyst_2.11:jar:2.3.0.cloudera4:compile
[INFO] |  |  +- org.scala-lang:scala-reflect:jar:2.11.8:compile
[INFO] |  |  +- org.scala-lang.modules:scala-parser-combinators_2.11:jar:1.0.4:compile
[INFO] |  |  +- org.codehaus.janino:janino:jar:3.0.8:compile
[INFO] |  |  +- org.codehaus.janino:commons-compiler:jar:3.0.8:compile
[INFO] |  |  +- org.antlr:antlr4-runtime:jar:4.7:compile
[INFO] |  |  \- commons-codec:commons-codec:jar:1.10:compile
[INFO] |  +- org.apache.orc:orc-core:jar:nohive:1.4.4:compile
[INFO] |  |  +- commons-lang:commons-lang:jar:2.6:compile
[INFO] |  |  +- io.airlift:aircompressor:jar:0.8:compile
[INFO] |  |  \- org.slf4j:slf4j-api:jar:1.7.5:compile
[INFO] |  +- org.apache.orc:orc-mapreduce:jar:nohive:1.4.4:compile
[INFO] |  |  \- com.esotericsoftware:kryo-shaded:jar:3.0.3:compile
[INFO] |  |     +- com.esotericsoftware:minlog:jar:1.3.0:compile
[INFO] |  |     \- org.objenesis:objenesis:jar:2.1:compile
[INFO] |  +- com.twitter:parquet-column:jar:1.5.0-cdh5.13.3:compile
[INFO] |  |  +- com.twitter:parquet-common:jar:1.5.0-cdh5.13.3:compile
[INFO] |  |  \- com.twitter:parquet-encoding:jar:1.5.0-cdh5.13.3:compile
[INFO] |  +- com.twitter:parquet-hadoop:jar:1.5.0-cdh5.13.3:compile
[INFO] |  |  +- com.twitter:parquet-format:jar:2.1.0-cdh5.13.3:compile
[INFO] |  |  +- com.twitter:parquet-jackson:jar:1.5.0-cdh5.13.3:compile
[INFO] |  |  +- org.codehaus.jackson:jackson-mapper-asl:jar:1.8.8:compile
[INFO] |  |  \- org.codehaus.jackson:jackson-core-asl:jar:1.8.8:compile
[INFO] |  +- com.fasterxml.jackson.core:jackson-databind:jar:2.6.7.1:compile
[INFO] |  +- org.apache.arrow:arrow-vector:jar:0.8.0:compile
[INFO] |  |  +- org.apache.arrow:arrow-format:jar:0.8.0:compile
[INFO] |  |  +- org.apache.arrow:arrow-memory:jar:0.8.0:compile
[INFO] |  |  +- joda-time:joda-time:jar:2.9.9:compile
[INFO] |  |  +- com.carrotsearch:hppc:jar:0.7.2:compile
[INFO] |  |  \- com.vlkan:flatbuffers:jar:1.2.0-3f79e055:compile
[INFO] |  +- org.apache.xbean:xbean-asm5-shaded:jar:4.4:compile
[INFO] |  \- com.twitter:parquet-avro:jar:1.5.0-cdh5.13.3:compile
[INFO] |     +- org.apache.avro:avro:jar:1.7.6-cdh5.13.3:compile
[INFO] |     |  \- com.thoughtworks.paranamer:paranamer:jar:2.3:compile
[INFO] |     \- it.unimi.dsi:fastutil:jar:7.2.1:compile
[INFO] +- mysql:mysql-connector-java:jar:5.1.47:compile
[INFO] \- org.elasticsearch:elasticsearch-spark-20_2.11:jar:5.5.3:compile
[INFO] ------------------------------------------------------------------------
[INFO] BUILD SUCCESS
[INFO] ------------------------------------------------------------------------
[INFO] Total time:  2.560 s
[INFO] Finished at: 2019-01-28T09:40:17+08:00
[INFO] ------------------------------------------------------------------------
